<?xml version="1.0" encoding="UTF-8"?>
<!-- Generated by org.testng.reporters.JUnitXMLReporter -->
<testsuite hostname="DESKTOP-6STC8NR" ignored="0" name="Test" tests="3" failures="1" timestamp="2022-07-07T03:06:36 EDT" time="22.087" errors="0">
  <testcase name="SearchOperation" time="4.581" classname="test_Scenatios.TestMethods_GoogleSearch"/>
  <testcase name="VerifyandAccessFacebook" time="2.645" classname="test_Scenatios.TestMethods_GoogleSearch"/>
  <testcase name="VerifyLogin" time="9.9" classname="test_Scenatios.TestMethods_GoogleSearch">
    <failure type="java.lang.AssertionError" message="expected [Login page] but found []">
      <![CDATA[java.lang.AssertionError: expected [Login page] but found []
at objects.Facebookpage.VerifyLogin(Facebookpage.java:32)
at test_Scenatios.TestMethods_GoogleSearch.VerifyLogin(TestMethods_GoogleSearch.java:48)
at java.util.ArrayList.forEach(ArrayList.java:1257)
... Removed 33 stack frames]]>
    </failure>
  </testcase> <!-- VerifyLogin -->
</testsuite> <!-- Test -->
